<?xml version="1.0" encoding="UTF-8"?>
<!-- Generated by org.testng.reporters.JUnitReportReporter -->
<testsuite hostname="SrinadhNaidu" failures="0" tests="1" name="Selenium.Java.Test1" time="12.082" errors="0" timestamp="2024-01-28T21:24:53 IST" skipped="0">
  <testcase classname="Selenium.Java.Test1" name="user" time="12.082"/>
</testsuite> <!-- Selenium.Java.Test1 -->
