<?xml version="1.0" encoding="UTF-8"?>
<!-- Generated by org.testng.reporters.JUnitReportReporter -->
<testsuite hostname="DESKTOP-Q6J7IR2" failures="0" tests="2" name="Selenium.Java.LoginPageTest" time="43.896" errors="0" timestamp="2024-01-29T18:14:30 IST" skipped="0">
  <testcase classname="Selenium.Java.LoginPageTest" name="validLoginTest" time="28.592"/>
  <system-out/>
  <testcase classname="Selenium.Java.LoginPageTest" name="invalidLoginTest" time="15.304"/>
  <system-out/>
</testsuite> <!-- Selenium.Java.LoginPageTest -->
