<?xml version="1.0" encoding="UTF-8"?>
<!-- Generated by org.testng.reporters.JUnitReportReporter -->
<testsuite hostname="DESKTOP-Q6J7IR2" failures="0" tests="1" name="tests.Test1" time="21.636" errors="0" timestamp="2024-01-30T19:17:17 IST" skipped="0">
  <testcase classname="tests.Test1" name="user" time="21.636"/>
  <system-out/>
</testsuite> <!-- tests.Test1 -->
