<?xml version="1.0" encoding="UTF-8"?>
<!-- Generated by org.testng.reporters.JUnitReportReporter -->
<testsuite hostname="SrinadhNaidu" failures="0" tests="1" name="Selenium.Java.ExternalReports" time="27.194" errors="0" timestamp="2024-01-27T19:24:42 IST" skipped="0">
  <testcase classname="Selenium.Java.ExternalReports" name="initialDemo" time="27.194"/>
</testsuite> <!-- Selenium.Java.ExternalReports -->
