<?xml version="1.0" encoding="UTF-8"?>
<!-- Generated by org.testng.reporters.JUnitReportReporter -->
<testsuite hostname="DESKTOP-Q6J7IR2" failures="0" tests="1" name="Selenium.Java.Test2" time="17.132" errors="0" timestamp="2024-01-29T18:16:26 IST" skipped="0">
  <testcase classname="Selenium.Java.Test2" name="user" time="17.132"/>
  <system-out/>
</testsuite> <!-- Selenium.Java.Test2 -->
